2024-07-08 01:06:09,996 INFO: Shopping app startup [in /Users/takumi.i/Desktop/python/manage_shopping/shopping_app/app/__init__.py:49]
2024-07-08 01:07:48,114 INFO: Shopping app startup [in /Users/takumi.i/Desktop/python/manage_shopping/shopping_app/app/__init__.py:49]
2024-07-08 01:10:46,106 INFO: Shopping app startup [in /Users/takumi.i/Desktop/python/manage_shopping/shopping_app/app/__init__.py:49]
2024-07-08 01:11:40,745 INFO: Shopping app startup [in /Users/takumi.i/Desktop/python/manage_shopping/shopping_app/app/__init__.py:49]
2024-07-08 01:12:13,135 INFO: Shopping app startup [in /Users/takumi.i/Desktop/python/manage_shopping/shopping_app/app/__init__.py:49]
2024-07-08 01:12:38,028 INFO: Shopping app startup [in /Users/takumi.i/Desktop/python/manage_shopping/shopping_app/app/__init__.py:49]
2024-07-08 01:13:21,697 INFO: Shopping app startup [in /Users/takumi.i/Desktop/python/manage_shopping/shopping_app/app/__init__.py:49]
2024-07-08 01:13:22,333 INFO: Shopping app startup [in /Users/takumi.i/Desktop/python/manage_shopping/shopping_app/app/__init__.py:49]
2024-07-08 01:38:58,565 INFO: Shopping app startup [in /Users/takumi.i/Desktop/python/manage_shopping/shopping_app/app/__init__.py:49]
2024-07-08 01:39:12,953 INFO: Shopping app startup [in /Users/takumi.i/Desktop/python/manage_shopping/shopping_app/app/__init__.py:49]
2024-07-08 01:39:13,570 INFO: Shopping app startup [in /Users/takumi.i/Desktop/python/manage_shopping/shopping_app/app/__init__.py:49]
2024-07-08 02:08:22,663 INFO: Shopping app startup [in /Users/takumi.i/Desktop/python/manage_shopping/shopping_app/app/__init__.py:49]
2024-07-08 12:10:23,475 INFO: Shopping app startup [in /Users/takumi.i/Desktop/python/manage_shopping/shopping_app/app/__init__.py:49]
2024-07-08 12:17:40,675 INFO: Shopping app startup [in /Users/takumi.i/Desktop/python/manage_shopping/shopping_app/app/__init__.py:49]
2024-07-08 12:17:47,428 INFO: Loaded data: items=['7/1(月)恒例の大売出し', 'スーパー月の市開催!!朝8時開店!!', '万代生駒店では只今ネット宅配の', '新規会員様募集中です!!', 'タカノひきわり納豆', '_チキンラーメン5食', '■日清CP対象品', 'ソ堅あげポテトうすしお', '坂本スリムE', 'アトリオンヨーグレッ', 'ルックアラモード', 'コカコーラ綾鷹2L', 'キシリライムB14', 'シャウエッセン2束'], purchase_date=2024-06-24 [in /Users/takumi.i/Desktop/python/manage_shopping/shopping_app/app/receipt.py:94]
2024-07-08 12:24:32,641 INFO: Shopping app startup [in /Users/takumi.i/Desktop/python/manage_shopping/shopping_app/app/__init__.py:49]
2024-07-08 12:25:56,538 INFO: Loaded data: items=['7/1(月)恒例の大売出し', 'スーパー月の市開催!!朝8時開店!!', '新規会員様募集中です!!', 'タカノひきわり納豆', '_チキンラーメン5食', '■日清CP対象品', 'ソ堅あげポテトうすしお', '坂本スリムE', 'アトリオンヨーグレッ', 'ルックアラモード', 'コカコーラ綾鷹2L', 'キシリライムB14', 'シャウエッセン2束'], purchase_date=2024-06-24 [in /Users/takumi.i/Desktop/python/manage_shopping/shopping_app/app/receipt.py:94]
2024-07-08 12:29:13,046 INFO: Shopping app startup [in /Users/takumi.i/Desktop/python/manage_shopping/shopping_app/app/__init__.py:49]
2024-07-08 12:29:18,781 INFO: Loaded data: items=['7/1(月)恒例の大売出し', 'スーパー月の市開催!!朝8時開店!!', '新規会員様募集中です!!', 'タカノひきわり納豆', '_チキンラーメン5食', '■日清CP対象品', 'ソ堅あげポテトうすしお', '坂本スリムE', 'アトリオンヨーグレッ', 'ルックアラモード', 'コカコーラ綾鷹2L', 'キシリライムB14', 'シャウエッセン2束'], purchase_date=2024-06-24 [in /Users/takumi.i/Desktop/python/manage_shopping/shopping_app/app/receipt.py:94]
2024-07-08 12:29:36,466 INFO: Loaded data: items=['タカノひきわり納豆', '_チキンラーメン5食', '■日清CP対象品', 'ソ堅あげポテトうすしお', '坂本スリムE', 'アトリオンヨーグレッ', 'ルックアラモード', 'コカコーラ綾鷹2L', 'キシリライムB14', 'シャウエッセン2束'], purchase_date=2024-06-24 [in /Users/takumi.i/Desktop/python/manage_shopping/shopping_app/app/receipt.py:94]
2024-07-08 12:38:58,984 INFO: Shopping app startup [in /Users/takumi.i/Desktop/python/manage_shopping/shopping_app/app/__init__.py:49]
2024-07-08 12:51:40,655 INFO: Shopping app startup [in /Users/takumi.i/Desktop/python/manage_shopping/shopping_app/app/__init__.py:49]
2024-07-08 12:53:06,688 INFO: Shopping app startup [in /Users/takumi.i/Desktop/python/manage_shopping/shopping_app/app/__init__.py:49]
2024-07-08 12:59:24,279 INFO: Shopping app startup [in /Users/takumi.i/Desktop/python/manage_shopping/shopping_app/app/__init__.py:49]
2024-07-08 13:02:34,529 INFO: Shopping app startup [in /Users/takumi.i/Desktop/python/manage_shopping/shopping_app/app/__init__.py:51]
2024-07-08 13:02:44,783 INFO: Shopping app startup [in /Users/takumi.i/Desktop/python/manage_shopping/shopping_app/app/__init__.py:51]
2024-07-08 13:02:57,605 INFO: Shopping app startup [in /Users/takumi.i/Desktop/python/manage_shopping/shopping_app/app/__init__.py:51]
2024-07-08 13:02:58,314 INFO: Shopping app startup [in /Users/takumi.i/Desktop/python/manage_shopping/shopping_app/app/__init__.py:51]
2024-07-08 13:05:40,655 INFO: Shopping app startup [in /Users/takumi.i/Desktop/python/manage_shopping/shopping_app/app/__init__.py:51]
2024-07-08 13:06:11,160 INFO: Shopping app startup [in /Users/takumi.i/Desktop/python/manage_shopping/shopping_app/app/__init__.py:51]
2024-07-08 13:08:55,191 INFO: Shopping app startup [in /Users/takumi.i/Desktop/python/manage_shopping/shopping_app/app/__init__.py:51]
2024-07-08 13:13:14,730 INFO: Shopping app startup [in /Users/takumi.i/Desktop/python/manage_shopping/shopping_app/app/__init__.py:51]
2024-07-08 13:13:41,139 INFO: Shopping app startup [in /Users/takumi.i/Desktop/python/manage_shopping/shopping_app/app/__init__.py:51]
2024-07-08 13:14:55,560 INFO: User takumi logged in successfully [in /Users/takumi.i/Desktop/python/manage_shopping/shopping_app/app/auth_routes.py:23]
2024-07-08 13:16:24,313 INFO: Shopping app startup [in /Users/takumi.i/Desktop/python/manage_shopping/shopping_app/app/__init__.py:51]
2024-07-08 13:16:28,627 INFO: User takumi logged in successfully [in /Users/takumi.i/Desktop/python/manage_shopping/shopping_app/app/auth_routes.py:23]
2024-07-08 13:16:37,309 INFO: User takumi logged in successfully [in /Users/takumi.i/Desktop/python/manage_shopping/shopping_app/app/auth_routes.py:23]
2024-07-08 13:16:57,349 INFO: Loaded data: items=['タカノひきわり納豆', '_チキンラーメン5食', '■日清CP対象品', 'ソ堅あげポテトうすしお', '坂本スリムE', 'アトリオンヨーグレッ', 'ルックアラモード', 'コカコーラ綾鷹2L', 'キシリライムB14', 'シャウエッセン2束'], purchase_date=2024-06-24 [in /Users/takumi.i/Desktop/python/manage_shopping/shopping_app/app/receipt.py:94]
2024-07-08 13:45:41,779 INFO: Shopping app startup [in /Users/takumi.i/Desktop/python/manage_shopping/shopping_app/app/__init__.py:51]
2024-07-08 13:46:54,727 INFO: Shopping app startup [in /Users/takumi.i/Desktop/python/manage_shopping/shopping_app/app/__init__.py:51]
2024-07-08 13:52:49,057 INFO: Shopping app startup [in /Users/takumi.i/Desktop/python/manage_shopping/shopping_app/app/__init__.py:51]
2024-07-08 13:58:32,331 INFO: Shopping app startup [in /Users/takumi.i/Desktop/python/manage_shopping/shopping_app/app/__init__.py:51]
2024-07-08 14:00:17,948 INFO: Shopping app startup [in /Users/takumi.i/Desktop/python/manage_shopping/shopping_app/app/__init__.py:51]
2024-07-08 14:01:58,448 INFO: Loaded data: items=['日清食品カップヌードルビック', 'アヤタカ650mL', 'コカ・コーラペットボトル1.5L', 'スプライト500mL缶', 'ダイソーマイクロファイバーふきん', '.475)'], purchase_date=2024-06-20 [in /Users/takumi.i/Desktop/python/manage_shopping/shopping_app/app/receipt.py:94]
2024-07-08 14:02:59,071 INFO: Loaded data: items=['日清食品カップヌードルビック', 'アヤタカ650mL', 'コカ・コーラペットボトル1.5L', 'スプライト500mL缶', 'ダイソーマイクロファイバーふきん', '.475)'], purchase_date=2024-06-20 [in /Users/takumi.i/Desktop/python/manage_shopping/shopping_app/app/receipt.py:94]
2024-07-08 14:06:51,973 INFO: Shopping app startup [in /Users/takumi.i/Desktop/python/manage_shopping/shopping_app/app/__init__.py:51]
2024-07-08 14:07:05,264 INFO: Shopping app startup [in /Users/takumi.i/Desktop/python/manage_shopping/shopping_app/app/__init__.py:51]
2024-07-08 14:08:52,701 INFO: Loaded data: items=['日清食品カップヌードルビック', 'アヤタカ650mL', 'コカ・コーラペットボトル1.5L', 'スプライト500mL缶', 'ダイソーマイクロファイバーふきん', '\\1.475)'], purchase_date=2024-06-20 [in /Users/takumi.i/Desktop/python/manage_shopping/shopping_app/app/receipt.py:94]
2024-07-08 14:10:46,049 INFO: Loaded data: items=['タカノひきわり納豆', '_チキンラーメン5食', '■日清CP対象品', 'ソ堅あげポテトうすしお', '坂本スリムE', 'アトリオンヨーグレッ', 'ルックアラモード', 'コカコーラ綾鷹2L', 'キシリライムB14', 'シャウエッセン2束'], purchase_date=2024-06-24 [in /Users/takumi.i/Desktop/python/manage_shopping/shopping_app/app/receipt.py:94]
2024-07-08 14:23:13,322 INFO: Shopping app startup [in /Users/takumi.i/Desktop/python/manage_shopping/shopping_app/app/__init__.py:51]
2024-07-08 14:23:13,966 INFO: Shopping app startup [in /Users/takumi.i/Desktop/python/manage_shopping/shopping_app/app/__init__.py:51]
2024-07-08 14:23:38,185 INFO: Loaded data: items=['日清食品カップヌードルビック', 'アヤタカ650mL', 'コカ・コーラペットボトル1.5L', 'スプライト500mL缶', 'ダイソーマイクロファイバーふきん', '\\1.475)'], purchase_date=2024-06-20 [in /Users/takumi.i/Desktop/python/manage_shopping/shopping_app/app/receipt.py:108]
2024-07-08 14:24:13,558 INFO: Loaded data: items=['日清食品カップヌードルビック', 'アヤタカ650mL', 'コカ・コーラペットボトル1.5L', 'スプライト500mL缶', 'ダイソーマイクロファイバーふきん', '.475)'], purchase_date=2024-06-20 [in /Users/takumi.i/Desktop/python/manage_shopping/shopping_app/app/receipt.py:108]
2024-07-08 14:24:39,825 INFO: Loaded data: items=['日清食品カップヌードルビック', 'アヤタカ650mL', 'コカ・コーラペットボトル1.5L', 'スプライト500mL缶', 'ダイソーマイクロファイバーふきん', '\\1.475)'], purchase_date=2024-06-20 [in /Users/takumi.i/Desktop/python/manage_shopping/shopping_app/app/receipt.py:108]
2024-07-08 14:25:14,863 INFO: Loaded data: items=['タカノひきわり納豆', '_チキンラーメン5食', '■日清CP対象品', 'ソ堅あげポテトうすしお', '坂本スリムE', 'アトリオンヨーグレッ', 'ルックアラモード', 'コカコーラ綾鷹2L', 'キシリライムB14', 'シャウエッセン2束'], purchase_date=2024-06-24 [in /Users/takumi.i/Desktop/python/manage_shopping/shopping_app/app/receipt.py:108]
